{
"/Users/saravieira/Projects/postcss-caralho/index.js":{"path":"/Users/saravieira/Projects/postcss-caralho/index.js","s":{"1":1,"2":1,"3":10,"4":10,"5":10,"6":10,"7":10,"8":10,"9":10,"10":10,"11":10,"12":10,"13":10,"14":10,"15":10,"16":10,"17":10,"18":10,"19":10,"20":10,"21":10,"22":10,"23":10,"24":10,"25":10,"26":10,"27":10,"28":10,"29":10,"30":10,"31":10,"32":10,"33":10,"34":10,"35":10,"36":10,"37":10,"38":10,"39":10,"40":10,"41":10,"42":10,"43":10,"44":10,"45":10,"46":10,"47":10,"48":10,"49":10,"50":10,"51":10,"52":10,"53":10,"54":10,"55":10,"56":10,"57":10,"58":10,"59":10,"60":10,"61":10,"62":10,"63":10,"64":10,"65":10,"66":10,"67":10,"68":10,"69":10,"70":10,"71":10,"72":10,"73":1,"74":1},"b":{"1":[10,1],"2":[1,9]},"f":{"1":10,"2":10,"3":10},"fnMap":{"1":{"name":"(anonymous_1)","line":3,"loc":{"start":{"line":3,"column":66},"end":{"line":3,"column":82}}},"2":{"name":"(anonymous_2)","line":6,"loc":{"start":{"line":6,"column":11},"end":{"line":6,"column":26}}},"3":{"name":"transformDecl","line":7,"loc":{"start":{"line":7,"column":22},"end":{"line":7,"column":51}}}},"statementMap":{"1":{"start":{"line":1,"column":0},"end":{"line":1,"column":33}},"2":{"start":{"line":3,"column":0},"end":{"line":86,"column":3}},"3":{"start":{"line":4,"column":4},"end":{"line":4,"column":22}},"4":{"start":{"line":6,"column":4},"end":{"line":85,"column":6}},"5":{"start":{"line":7,"column":8},"end":{"line":84,"column":11}},"6":{"start":{"line":9,"column":12},"end":{"line":9,"column":65}},"7":{"start":{"line":10,"column":12},"end":{"line":10,"column":61}},"8":{"start":{"line":11,"column":12},"end":{"line":11,"column":76}},"9":{"start":{"line":12,"column":12},"end":{"line":12,"column":72}},"10":{"start":{"line":13,"column":12},"end":{"line":13,"column":75}},"11":{"start":{"line":14,"column":12},"end":{"line":14,"column":75}},"12":{"start":{"line":15,"column":12},"end":{"line":15,"column":65}},"13":{"start":{"line":16,"column":12},"end":{"line":16,"column":65}},"14":{"start":{"line":17,"column":12},"end":{"line":17,"column":62}},"15":{"start":{"line":18,"column":12},"end":{"line":18,"column":60}},"16":{"start":{"line":19,"column":12},"end":{"line":19,"column":71}},"17":{"start":{"line":20,"column":12},"end":{"line":20,"column":62}},"18":{"start":{"line":21,"column":12},"end":{"line":21,"column":62}},"19":{"start":{"line":22,"column":12},"end":{"line":22,"column":73}},"20":{"start":{"line":23,"column":12},"end":{"line":23,"column":73}},"21":{"start":{"line":24,"column":12},"end":{"line":24,"column":62}},"22":{"start":{"line":25,"column":12},"end":{"line":25,"column":74}},"23":{"start":{"line":26,"column":12},"end":{"line":26,"column":76}},"24":{"start":{"line":27,"column":12},"end":{"line":27,"column":76}},"25":{"start":{"line":28,"column":12},"end":{"line":28,"column":76}},"26":{"start":{"line":29,"column":12},"end":{"line":29,"column":73}},"27":{"start":{"line":30,"column":12},"end":{"line":30,"column":73}},"28":{"start":{"line":31,"column":12},"end":{"line":31,"column":73}},"29":{"start":{"line":32,"column":12},"end":{"line":32,"column":73}},"30":{"start":{"line":33,"column":12},"end":{"line":33,"column":68}},"31":{"start":{"line":34,"column":12},"end":{"line":34,"column":65}},"32":{"start":{"line":35,"column":12},"end":{"line":35,"column":61}},"33":{"start":{"line":36,"column":12},"end":{"line":36,"column":64}},"34":{"start":{"line":37,"column":12},"end":{"line":37,"column":72}},"35":{"start":{"line":38,"column":12},"end":{"line":38,"column":67}},"36":{"start":{"line":39,"column":12},"end":{"line":39,"column":80}},"37":{"start":{"line":40,"column":12},"end":{"line":40,"column":85}},"38":{"start":{"line":41,"column":12},"end":{"line":41,"column":84}},"39":{"start":{"line":42,"column":12},"end":{"line":42,"column":72}},"40":{"start":{"line":43,"column":12},"end":{"line":43,"column":73}},"41":{"start":{"line":44,"column":12},"end":{"line":44,"column":72}},"42":{"start":{"line":45,"column":12},"end":{"line":45,"column":70}},"43":{"start":{"line":46,"column":12},"end":{"line":46,"column":69}},"44":{"start":{"line":47,"column":12},"end":{"line":47,"column":86}},"45":{"start":{"line":48,"column":12},"end":{"line":48,"column":90}},"46":{"start":{"line":49,"column":12},"end":{"line":49,"column":71}},"47":{"start":{"line":50,"column":12},"end":{"line":50,"column":77}},"48":{"start":{"line":53,"column":12},"end":{"line":53,"column":64}},"49":{"start":{"line":54,"column":12},"end":{"line":54,"column":62}},"50":{"start":{"line":55,"column":12},"end":{"line":55,"column":64}},"51":{"start":{"line":56,"column":12},"end":{"line":56,"column":62}},"52":{"start":{"line":57,"column":12},"end":{"line":57,"column":59}},"53":{"start":{"line":58,"column":12},"end":{"line":58,"column":57}},"54":{"start":{"line":59,"column":12},"end":{"line":59,"column":63}},"55":{"start":{"line":60,"column":12},"end":{"line":60,"column":61}},"56":{"start":{"line":63,"column":12},"end":{"line":63,"column":70}},"57":{"start":{"line":64,"column":12},"end":{"line":64,"column":67}},"58":{"start":{"line":65,"column":12},"end":{"line":65,"column":70}},"59":{"start":{"line":66,"column":12},"end":{"line":66,"column":64}},"60":{"start":{"line":67,"column":12},"end":{"line":67,"column":62}},"61":{"start":{"line":68,"column":12},"end":{"line":68,"column":63}},"62":{"start":{"line":69,"column":12},"end":{"line":69,"column":65}},"63":{"start":{"line":70,"column":12},"end":{"line":70,"column":65}},"64":{"start":{"line":71,"column":12},"end":{"line":71,"column":63}},"65":{"start":{"line":72,"column":12},"end":{"line":72,"column":65}},"66":{"start":{"line":73,"column":12},"end":{"line":73,"column":75}},"67":{"start":{"line":74,"column":12},"end":{"line":74,"column":61}},"68":{"start":{"line":75,"column":12},"end":{"line":75,"column":68}},"69":{"start":{"line":76,"column":12},"end":{"line":76,"column":68}},"70":{"start":{"line":77,"column":12},"end":{"line":77,"column":68}},"71":{"start":{"line":78,"column":12},"end":{"line":78,"column":67}},"72":{"start":{"line":80,"column":12},"end":{"line":83,"column":13}},"73":{"start":{"line":81,"column":16},"end":{"line":81,"column":70}},"74":{"start":{"line":82,"column":16},"end":{"line":82,"column":38}}},"branchMap":{"1":{"line":4,"type":"binary-expr","locations":[{"start":{"line":4,"column":11},"end":{"line":4,"column":15}},{"start":{"line":4,"column":19},"end":{"line":4,"column":21}}]},"2":{"line":80,"type":"if","locations":[{"start":{"line":80,"column":12},"end":{"line":80,"column":12}},{"start":{"line":80,"column":12},"end":{"line":80,"column":12}}]}},"l":{"1":1,"3":1,"4":10,"6":10,"7":10,"9":10,"10":10,"11":10,"12":10,"13":10,"14":10,"15":10,"16":10,"17":10,"18":10,"19":10,"20":10,"21":10,"22":10,"23":10,"24":10,"25":10,"26":10,"27":10,"28":10,"29":10,"30":10,"31":10,"32":10,"33":10,"34":10,"35":10,"36":10,"37":10,"38":10,"39":10,"40":10,"41":10,"42":10,"43":10,"44":10,"45":10,"46":10,"47":10,"48":10,"49":10,"50":10,"53":10,"54":10,"55":10,"56":10,"57":10,"58":10,"59":10,"60":10,"63":10,"64":10,"65":10,"66":10,"67":10,"68":10,"69":10,"70":10,"71":10,"72":10,"73":10,"74":10,"75":10,"76":10,"77":10,"78":10,"80":10,"81":1,"82":1}}}
