TN:
SF:/Users/saravieira/Projects/postcss-caralho/index.js
FN:3,(anonymous_1)
FN:6,(anonymous_2)
FN:7,transformDecl
FNF:3
FNH:3
FNDA:10,(anonymous_1)
FNDA:10,(anonymous_2)
FNDA:10,transformDecl
DA:1,1
DA:3,1
DA:4,10
DA:6,10
DA:7,10
DA:9,10
DA:10,10
DA:11,10
DA:12,10
DA:13,10
DA:14,10
DA:15,10
DA:16,10
DA:17,10
DA:18,10
DA:19,10
DA:20,10
DA:21,10
DA:22,10
DA:23,10
DA:24,10
DA:25,10
DA:26,10
DA:27,10
DA:28,10
DA:29,10
DA:30,10
DA:31,10
DA:32,10
DA:33,10
DA:34,10
DA:35,10
DA:36,10
DA:37,10
DA:38,10
DA:39,10
DA:40,10
DA:41,10
DA:42,10
DA:43,10
DA:44,10
DA:45,10
DA:46,10
DA:47,10
DA:48,10
DA:49,10
DA:50,10
DA:53,10
DA:54,10
DA:55,10
DA:56,10
DA:57,10
DA:58,10
DA:59,10
DA:60,10
DA:63,10
DA:64,10
DA:65,10
DA:66,10
DA:67,10
DA:68,10
DA:69,10
DA:70,10
DA:71,10
DA:72,10
DA:73,10
DA:74,10
DA:75,10
DA:76,10
DA:77,10
DA:78,10
DA:80,10
DA:81,1
DA:82,1
LF:74
LH:74
BRDA:4,1,0,10
BRDA:4,1,1,1
BRDA:80,2,0,1
BRDA:80,2,1,9
BRF:4
BRH:4
end_of_record
